20/мая/2022 09:30:39,235- BookLibrary: Добавляем книги, которые читаются вне зала...
20/мая/2022 09:30:39,238- Book: Создается новая книга: название = Книга0, byReadyRoom = false, timeReady = 1658
20/мая/2022 09:30:39,239- Book: Создается новая книга: название = Книга1, byReadyRoom = false, timeReady = 869
20/мая/2022 09:30:39,239- Book: Создается новая книга: название = Книга2, byReadyRoom = false, timeReady = 575
20/мая/2022 09:30:39,239- Book: Создается новая книга: название = Книга3, byReadyRoom = false, timeReady = 1174
20/мая/2022 09:30:39,239- Book: Создается новая книга: название = Книга4, byReadyRoom = false, timeReady = 1482
20/мая/2022 09:30:39,239- BookLibrary:  Добавляем книги, которые читаются в зале...
20/мая/2022 09:30:39,239- Book: Создается новая книга: название = Книга5, byReadyRoom = true, timeReady = 626
20/мая/2022 09:30:39,239- Book: Создается новая книга: название = Книга6, byReadyRoom = true, timeReady = 709
20/мая/2022 09:30:39,239- Book: Создается новая книга: название = Книга7, byReadyRoom = true, timeReady = 1029
20/мая/2022 09:30:39,239- Book: Создается новая книга: название = Книга8, byReadyRoom = true, timeReady = 263
20/мая/2022 09:30:39,239- Book: Создается новая книга: название = Книга9, byReadyRoom = true, timeReady = 229
20/мая/2022 09:30:39,239- BookLibrary: Добавляем читателей в библиотеку...
20/мая/2022 09:30:39,245- PeopleReader: Создание нового читателя: Имя = People0
20/мая/2022 09:30:39,245- PeopleReader: Создание нового читателя: Имя = People1
20/мая/2022 09:30:39,245- PeopleReader: Создание нового читателя: Имя = People2
20/мая/2022 09:30:39,245- PeopleReader: Создание нового читателя: Имя = People3
20/мая/2022 09:30:39,245- PeopleReader: Создание нового читателя: Имя = People4
20/мая/2022 09:30:39,246- PeopleReader: Создание нового читателя: Имя = People5
20/мая/2022 09:30:39,246- PeopleReader: Создание нового читателя: Имя = People6
20/мая/2022 09:30:39,246- PeopleReader: Создание нового читателя: Имя = People7
20/мая/2022 09:30:39,246- PeopleReader: Создание нового читателя: Имя = People8
20/мая/2022 09:30:39,246- PeopleReader: Создание нового читателя: Имя = People9
20/мая/2022 09:30:39,246- PeopleReader: People2 Не захотел приходить в библиотеку
20/мая/2022 09:30:39,246- PeopleReader: People9 Не захотел приходить в библиотеку
20/мая/2022 09:30:39,246- PeopleReader: People5 Не захотел приходить в библиотеку
20/мая/2022 09:30:39,261- PeopleReader: People8 Пришел в библиотеку
20/мая/2022 09:30:39,261- PeopleReader: People8 Выбрал книгу = Книга2
20/мая/2022 09:30:39,262- Book: People8: Книга2 начинает читать...
20/мая/2022 09:30:39,280- PeopleReader: People6 Пришел в библиотеку
20/мая/2022 09:30:39,280- PeopleReader: People6 Выбрал книгу = Книга1
20/мая/2022 09:30:39,280- Book: People6: Книга1 начинает читать...
20/мая/2022 09:30:39,281- PeopleReader: People0 Пришел в библиотеку
20/мая/2022 09:30:39,281- PeopleReader: People0 Покинул библиотеку
20/мая/2022 09:30:39,285- PeopleReader: People7 Пришел в библиотеку
20/мая/2022 09:30:39,285- PeopleReader: People7 Выбрал книгу = Книга9
20/мая/2022 09:30:39,285- Book: People7: Книга9 начинает читать...
20/мая/2022 09:30:39,304- PeopleReader: People3 Пришел в библиотеку
20/мая/2022 09:30:39,304- PeopleReader: People3 Покинул библиотеку
20/мая/2022 09:30:39,319- Book: People7: Книга9 перестает читать...
20/мая/2022 09:30:39,333- PeopleReader: People1 Пришел в библиотеку
20/мая/2022 09:30:39,340- PeopleReader: People4 Пришел в библиотеку
20/мая/2022 09:30:39,340- PeopleReader: People4 Выбрал книгу = Книга7
20/мая/2022 09:30:39,340- Book: People4: Книга7 начинает читать...
20/мая/2022 09:30:39,342- Book: People8: Книга2 перестает читать...
20/мая/2022 09:30:39,343- PeopleReader: People4 Выбрал книгу = Книга5
20/мая/2022 09:30:39,343- Book: People4: Книга5 начинает читать...
20/мая/2022 09:30:39,375- PeopleReader: People6 Выбрал книгу = Книга5
20/мая/2022 09:30:39,375- Book: People6: Книга5 начинает читать...
20/мая/2022 09:30:39,379- PeopleReader: People1 Выбрал книгу = Книга0
20/мая/2022 09:30:39,379- Book: People1: Книга0 начинает читать...
20/мая/2022 09:30:39,416- PeopleReader: People1 Выбрал книгу = Книга8
20/мая/2022 09:30:39,416- Book: People1: Книга8 начинает читать...
20/мая/2022 09:30:39,424- Book: People4: Книга5 перестает читать...
20/мая/2022 09:30:39,435- PeopleReader: People1 Выбрал книгу = Книга6
20/мая/2022 09:30:39,437- Book: People1: Книга6 начинает читать...
20/мая/2022 09:30:39,570- PeopleReader: People7 Покинул библиотеку
20/мая/2022 09:30:39,636- Book: People1: Книга8 перестает читать...
20/мая/2022 09:30:39,636- Book: People4: Книга7 перестает читать...
20/мая/2022 09:30:39,727- PeopleReader: People8 Покинул библиотеку
20/мая/2022 09:30:39,828- Book: People6: Книга5 перестает читать...
20/мая/2022 09:30:39,873- Book: People1: Книга6 перестает читать...
20/мая/2022 09:30:39,949- Book: People1: Книга0 перестает читать...
20/мая/2022 09:30:40,080- Book: People6: Книга1 перестает читать...
20/мая/2022 09:30:40,192- PeopleReader: People4 Покинул библиотеку
20/мая/2022 09:30:40,608- PeopleReader: People6 Покинул библиотеку
20/мая/2022 09:30:40,732- PeopleReader: People1 Покинул библиотеку

